<?xml version="1.0" encoding="UTF-8"?>
<!-- Generated by org.testng.reporters.JUnitXMLReporter -->
<testsuite hostname="DESKTOP-0FTT6J4" failures="0" tests="6" name="Default test" time="7.472" errors="0" timestamp="23 Feb 2022 17:42:42 GMT">
  <testcase classname="NewTest" name="deleteUser" time="1.274"/>
  <testcase classname="NewTest" name="login" time="0.96"/>
  <testcase classname="NewTest" name="logout" time="1.019"/>
  <testcase classname="NewTest" name="register" time="1.078"/>
  <testcase classname="NewTest" name="updateProfile" time="1.428"/>
  <testcase classname="NewTest" name="updateUser" time="1.697"/>
</testsuite> <!-- Default test -->
