<?xml version="1.0" encoding="UTF-8"?>
<testng-results total="1" passed="1" failed="0" skipped="0">
  <reporter-output>
  </reporter-output>
  <suite started-at="2022-02-26T03:57:22Z" name="Default suite" finished-at="2022-02-26T03:57:24Z" duration-ms="1777">
    <groups>
    </groups>
    <test started-at="2022-02-26T03:57:22Z" name="Default test" finished-at="2022-02-26T03:57:24Z" duration-ms="1777">
      <class name="mynotesapp.UpdateReminder">
        <test-method is-config="true" signature="beforeTest()[pri:0, instance:mynotesapp.UpdateReminder@6ee4d9ab]" started-at="2022-02-26T11:57:22Z" name="beforeTest" finished-at="2022-02-26T11:57:22Z" duration-ms="5" status="PASS">
          <reporter-output>
          </reporter-output>
        </test-method> <!-- beforeTest -->
        <test-method signature="f()[pri:0, instance:mynotesapp.UpdateReminder@6ee4d9ab]" started-at="2022-02-26T11:57:22Z" name="f" finished-at="2022-02-26T11:57:24Z" duration-ms="1763" status="PASS">
          <reporter-output>
          </reporter-output>
        </test-method> <!-- f -->
        <test-method is-config="true" signature="afterTest()[pri:0, instance:mynotesapp.UpdateReminder@6ee4d9ab]" started-at="2022-02-26T11:57:24Z" name="afterTest" finished-at="2022-02-26T11:57:24Z" duration-ms="1" status="PASS">
          <reporter-output>
          </reporter-output>
        </test-method> <!-- afterTest -->
      </class> <!-- mynotesapp.UpdateReminder -->
    </test> <!-- Default test -->
  </suite> <!-- Default suite -->
</testng-results>
