<?xml version="1.0" encoding="UTF-8"?>
<testng-results total="1" passed="1" failed="0" skipped="0">
  <reporter-output>
  </reporter-output>
  <suite started-at="2022-02-20T05:34:16Z" name="Default suite" finished-at="2022-02-20T05:34:18Z" duration-ms="1810">
    <groups>
    </groups>
    <test started-at="2022-02-20T05:34:16Z" name="Default test" finished-at="2022-02-20T05:34:18Z" duration-ms="1810">
      <class name="mynotesapp.NewTest">
        <test-method is-config="true" signature="beforeTest()[pri:0, instance:mynotesapp.NewTest@50029372]" started-at="2022-02-20T13:34:16Z" name="beforeTest" finished-at="2022-02-20T13:34:16Z" duration-ms="5" status="PASS">
          <reporter-output>
          </reporter-output>
        </test-method> <!-- beforeTest -->
        <test-method signature="updateUser()[pri:0, instance:mynotesapp.NewTest@50029372]" started-at="2022-02-20T13:34:16Z" name="updateUser" finished-at="2022-02-20T13:34:18Z" duration-ms="1798" status="PASS">
          <reporter-output>
          </reporter-output>
        </test-method> <!-- updateUser -->
        <test-method is-config="true" signature="afterTest()[pri:0, instance:mynotesapp.NewTest@50029372]" started-at="2022-02-20T13:34:18Z" name="afterTest" finished-at="2022-02-20T13:34:18Z" duration-ms="0" status="PASS">
          <reporter-output>
          </reporter-output>
        </test-method> <!-- afterTest -->
      </class> <!-- mynotesapp.NewTest -->
    </test> <!-- Default test -->
  </suite> <!-- Default suite -->
</testng-results>
